<?xml version='1.0' encoding='UTF-8' ?>
<testsuite name="com.emmasuzuki.espressospoon.test" tests="3" failures="1" errors="0" time="8.387" timestamp="2014-07-31T21:49:48" hostname="localhost">
  <properties />
  <testcase name="testSetEmailInvalidError" classname="com.emmasuzuki.espressospoondemo.LoginActivityTest" time="2.586" />
  <testcase name="testSetMismatchError" classname="com.emmasuzuki.espressospoondemo.LoginActivityTest" time="3.354">
    <failure>com.google.android.apps.common.testing.ui.espresso.base.DefaultFailureHandler$AssertionFailedWithCauseError: 'is displayed on the screen to the user' doesn't match the selected view.
Expected: is displayed on the screen to the user
Got: "TextView{id=2131165184, res-name=error, visibility=GONE, width=0, height=0, has-focus=false, has-focusable=false, has-window-focus=true, is-clickable=false, is-enabled=true, is-focused=false, is-focusable=false, is-layout-requested=true, is-selected=false, root-is-layout-requested=false, has-input-connection=false, x=0.0, y=0.0, text=Your email or password is wrong, input-type=0, ime-target=false}"

at dalvik.system.VMStack.getThreadStackTrace(Native Method)
at java.lang.Thread.getStackTrace(Thread.java:579)
at com.google.android.apps.common.testing.ui.espresso.base.DefaultFailureHandler.getUserFriendlyError(DefaultFailureHandler.java:69)
at com.google.android.apps.common.testing.ui.espresso.base.DefaultFailureHandler.handle(DefaultFailureHandler.java:40)
at com.google.android.apps.common.testing.ui.espresso.ViewInteraction.runSynchronouslyOnUiThread(ViewInteraction.java:159)
at com.google.android.apps.common.testing.ui.espresso.ViewInteraction.check(ViewInteraction.java:133)
at com.emmasuzuki.espressospoondemo.LoginActivityTest.testSetMismatchError(LoginActivityTest.java:76)
at java.lang.reflect.Method.invokeNative(Native Method)
at android.test.InstrumentationTestCase.runMethod(InstrumentationTestCase.java:214)
at android.test.InstrumentationTestCase.runTest(InstrumentationTestCase.java:199)
at android.test.ActivityInstrumentationTestCase2.runTest(ActivityInstrumentationTestCase2.java:192)
at android.test.AndroidTestRunner.runTest(AndroidTestRunner.java:191)
at android.test.AndroidTestRunner.runTest(AndroidTestRunner.java:176)
at android.test.InstrumentationTestRunner.onStart(InstrumentationTestRunner.java:554)
at com.google.android.apps.common.testing.testrunner.GoogleInstrumentationTestRunner.onStart(GoogleInstrumentationTestRunner.java:167)
at android.app.Instrumentation$InstrumentationThread.run(Instrumentation.java:1701)
Caused by: junit.framework.AssertionFailedError: 'is displayed on the screen to the user' doesn't match the selected view.
Expected: is displayed on the screen to the user
Got: "TextView{id=2131165184, res-name=error, visibility=GONE, width=0, height=0, has-focus=false, has-focusable=false, has-window-focus=true, is-clickable=false, is-enabled=true, is-focused=false, is-focusable=false, is-layout-requested=true, is-selected=false, root-is-layout-requested=false, has-input-connection=false, x=0.0, y=0.0, text=Your email or password is wrong, input-type=0, ime-target=false}"

at com.google.android.apps.common.testing.ui.espresso.matcher.ViewMatchers.assertThat(ViewMatchers.java:789)
at com.google.android.apps.common.testing.ui.espresso.assertion.ViewAssertions$2.check(ViewAssertions.java:76)
at com.google.android.apps.common.testing.ui.espresso.ViewInteraction$2.run(ViewInteraction.java:145)
at java.util.concurrent.Executors$RunnableAdapter.call(Executors.java:390)
at java.util.concurrent.FutureTask.run(FutureTask.java:234)
at android.os.Handler.handleCallback(Handler.java:730)
at android.os.Handler.dispatchMessage(Handler.java:92)
at android.os.Looper.loop(Looper.java:137)
at android.app.ActivityThread.main(ActivityThread.java:5103)
at java.lang.reflect.Method.invokeNative(Native Method)
at com.android.internal.os.ZygoteInit$MethodAndArgsCaller.run(ZygoteInit.java:737)
at com.android.internal.os.ZygoteInit.main(ZygoteInit.java:553)
at dalvik.system.NativeStart.main(Native Method)
</failure>
  </testcase>
  <testcase name="testSetPasswordInvalidError" classname="com.emmasuzuki.espressospoondemo.LoginActivityTest" time="2.413" />
</testsuite>